<?xml version="1.0" encoding="UTF-8"?>
<!-- Generated by org.testng.reporters.JUnitXMLReporter -->
<testsuite ignored="0" hostname="FEUJI-V017D" failures="1" tests="9" name="Test1" time="134.595" errors="0" timestamp="2023-11-06T12:00:24 IST">
  <testcase classname="com.test.LetyShopsTest" name="welcomePage" time="6.069"/>
  <testcase classname="com.test.LetyShopsTest" name="loginWithoutCredentials" time="3.691"/>
  <testcase classname="com.test.LetyShopsTest" name="validateForgotPassword" time="0.392">
    <failure type="java.lang.AssertionError" message="Forgot Password text is displayed as expected expected [Forgot password] but found [Forgot password?]">
      <![CDATA[java.lang.AssertionError: Forgot Password text is displayed as expected expected [Forgot password] but found [Forgot password?]
at com.test.LetyShopsTest.validateForgotPassword(LetyShopsTest.java:113)
at java.base/java.util.ArrayList.forEach(ArrayList.java:1511)
... Removed 36 stack frames]]>
    </failure>
  </testcase> <!-- validateForgotPassword -->
  <testcase classname="com.test.LetyShopsTest" name="testLoginWithValidCredentials" time="3.658"/>
  <testcase classname="com.test.LetyShopsTest" name="selectLanguage" time="60.385"/>
  <testcase classname="com.test.LetyShopsTest" name="checkNotification" time="3.65"/>
  <testcase classname="com.test.LetyShopsTest" name="searchItem" time="5.458"/>
  <testcase classname="com.test.LetyShopsTest" name="storePage" time="28.514"/>
  <testcase classname="com.test.LetyShopsTest" name="testProfile" time="20.624"/>
</testsuite> <!-- Test1 -->
