<?xml version="1.0" encoding="UTF-8"?>
<!-- Generated by org.testng.reporters.JUnitXMLReporter -->
<testsuite ignored="0" hostname="FEUJI-V017D" failures="0" tests="9" name="Test1" time="140.242" errors="0" timestamp="2023-09-28T15:39:05 IST">
  <testcase classname="com.test.LetyShopsTest" name="welcomePage" time="9.287"/>
  <testcase classname="com.test.LetyShopsTest" name="loginWithoutCredentials" time="3.565"/>
  <testcase classname="com.test.LetyShopsTest" name="validateForgotPassword" time="2.023"/>
  <testcase classname="com.test.LetyShopsTest" name="testLoginWithValidCredentials" time="4.262"/>
  <testcase classname="com.test.LetyShopsTest" name="selectLanguage" time="60.616"/>
  <testcase classname="com.test.LetyShopsTest" name="checkNotification" time="3.012"/>
  <testcase classname="com.test.LetyShopsTest" name="searchItem" time="6.902"/>
  <testcase classname="com.test.LetyShopsTest" name="storePage" time="30.283"/>
  <testcase classname="com.test.LetyShopsTest" name="testProfile" time="19.532"/>
</testsuite> <!-- Test1 -->
