-------------------------------------------------------------------------------
Test set: TestSuite
-------------------------------------------------------------------------------
Tests run: 9, Failures: 1, Errors: 0, Skipped: 0, Time elapsed: 183.608 s <<< FAILURE! - in TestSuite
validateForgotPassword(com.test.LetyShopsTest)  Time elapsed: 0.397 s  <<< FAILURE!
java.lang.AssertionError: Forgot Password text is displayed as expected expected [Forgot password] but found [Forgot password?]
	at com.test.LetyShopsTest.validateForgotPassword(LetyShopsTest.java:113)

