<?xml version="1.0" encoding="UTF-8"?>
<testng-results ignored="0" total="9" passed="9" failed="0" skipped="0">
  <reporter-output>
  </reporter-output>
  <suite started-at="2023-09-28T15:36:45 IST" name="Suite" finished-at="2023-09-28T15:39:05 IST" duration-ms="140242">
    <groups>
    </groups>
    <test started-at="2023-09-28T15:36:45 IST" name="Test1" finished-at="2023-09-28T15:39:05 IST" duration-ms="140242">
      <class name="com.test.LetyShopsTest">
        <test-method is-config="true" signature="setUp()[pri:0, instance:com.test.LetyShopsTest@1afdd473]" started-at="2023-09-28T15:36:29 IST" name="setUp" finished-at="2023-09-28T15:36:45 IST" duration-ms="16067" status="PASS">
          <reporter-output>
          </reporter-output>
        </test-method> <!-- setUp -->
        <test-method is-config="true" signature="startReport()[pri:0, instance:com.test.LetyShopsTest@1afdd473]" started-at="2023-09-28T15:36:45 IST" name="startReport" finished-at="2023-09-28T15:36:45 IST" duration-ms="299" status="PASS">
          <reporter-output>
          </reporter-output>
        </test-method> <!-- startReport -->
        <test-method is-config="true" signature="setUpTest()[pri:0, instance:com.test.LetyShopsTest@1afdd473]" started-at="2023-09-28T15:36:45 IST" name="setUpTest" finished-at="2023-09-28T15:36:45 IST" depends-on-methods="com.base.Base.startReport" duration-ms="6" status="PASS">
          <reporter-output>
          </reporter-output>
        </test-method> <!-- setUpTest -->
        <test-method signature="welcomePage()[pri:1, instance:com.test.LetyShopsTest@1afdd473]" started-at="2023-09-28T15:36:45 IST" name="welcomePage" finished-at="2023-09-28T15:36:54 IST" duration-ms="9287" status="PASS">
          <reporter-output>
          </reporter-output>
        </test-method> <!-- welcomePage -->
        <test-method is-config="true" signature="getResult(org.testng.ITestResult)[pri:0, instance:com.test.LetyShopsTest@1afdd473]" started-at="2023-09-28T15:36:54 IST" name="getResult" finished-at="2023-09-28T15:36:54 IST" duration-ms="2" status="PASS">
          <params>
            <param index="0">
              <value>
                <![CDATA[[TestResult name=welcomePage status=SUCCESS method=LetyShopsTest.welcomePage()[pri:1, instance:com.test.LetyShopsTest@1afdd473] output={null}]]]>
              </value>
            </param>
          </params>
          <reporter-output>
          </reporter-output>
        </test-method> <!-- getResult -->
        <test-method signature="loginWithoutCredentials()[pri:2, instance:com.test.LetyShopsTest@1afdd473]" started-at="2023-09-28T15:36:54 IST" name="loginWithoutCredentials" finished-at="2023-09-28T15:36:58 IST" duration-ms="3565" status="PASS">
          <reporter-output>
          </reporter-output>
        </test-method> <!-- loginWithoutCredentials -->
        <test-method is-config="true" signature="getResult(org.testng.ITestResult)[pri:0, instance:com.test.LetyShopsTest@1afdd473]" started-at="2023-09-28T15:36:58 IST" name="getResult" finished-at="2023-09-28T15:36:58 IST" duration-ms="1" status="PASS">
          <params>
            <param index="0">
              <value>
                <![CDATA[[TestResult name=loginWithoutCredentials status=SUCCESS method=LetyShopsTest.loginWithoutCredentials()[pri:2, instance:com.test.LetyShopsTest@1afdd473] output={null}]]]>
              </value>
            </param>
          </params>
          <reporter-output>
          </reporter-output>
        </test-method> <!-- getResult -->
        <test-method signature="validateForgotPassword()[pri:3, instance:com.test.LetyShopsTest@1afdd473]" started-at="2023-09-28T15:36:58 IST" name="validateForgotPassword" finished-at="2023-09-28T15:37:00 IST" duration-ms="2023" status="PASS">
          <reporter-output>
          </reporter-output>
        </test-method> <!-- validateForgotPassword -->
        <test-method is-config="true" signature="getResult(org.testng.ITestResult)[pri:0, instance:com.test.LetyShopsTest@1afdd473]" started-at="2023-09-28T15:37:00 IST" name="getResult" finished-at="2023-09-28T15:37:00 IST" duration-ms="0" status="PASS">
          <params>
            <param index="0">
              <value>
                <![CDATA[[TestResult name=validateForgotPassword status=SUCCESS method=LetyShopsTest.validateForgotPassword()[pri:3, instance:com.test.LetyShopsTest@1afdd473] output={null}]]]>
              </value>
            </param>
          </params>
          <reporter-output>
          </reporter-output>
        </test-method> <!-- getResult -->
        <test-method signature="testLoginWithValidCredentials()[pri:6, instance:com.test.LetyShopsTest@1afdd473]" started-at="2023-09-28T15:37:00 IST" name="testLoginWithValidCredentials" finished-at="2023-09-28T15:37:04 IST" duration-ms="4262" status="PASS">
          <reporter-output>
          </reporter-output>
        </test-method> <!-- testLoginWithValidCredentials -->
        <test-method is-config="true" signature="getResult(org.testng.ITestResult)[pri:0, instance:com.test.LetyShopsTest@1afdd473]" started-at="2023-09-28T15:37:04 IST" name="getResult" finished-at="2023-09-28T15:37:04 IST" duration-ms="0" status="PASS">
          <params>
            <param index="0">
              <value>
                <![CDATA[[TestResult name=testLoginWithValidCredentials status=SUCCESS method=LetyShopsTest.testLoginWithValidCredentials()[pri:6, instance:com.test.LetyShopsTest@1afdd473] output={null}]]]>
              </value>
            </param>
          </params>
          <reporter-output>
          </reporter-output>
        </test-method> <!-- getResult -->
        <test-method signature="selectLanguage()[pri:7, instance:com.test.LetyShopsTest@1afdd473]" started-at="2023-09-28T15:37:04 IST" name="selectLanguage" finished-at="2023-09-28T15:38:05 IST" duration-ms="60616" status="PASS">
          <reporter-output>
          </reporter-output>
        </test-method> <!-- selectLanguage -->
        <test-method is-config="true" signature="getResult(org.testng.ITestResult)[pri:0, instance:com.test.LetyShopsTest@1afdd473]" started-at="2023-09-28T15:38:05 IST" name="getResult" finished-at="2023-09-28T15:38:05 IST" duration-ms="1" status="PASS">
          <params>
            <param index="0">
              <value>
                <![CDATA[[TestResult name=selectLanguage status=SUCCESS method=LetyShopsTest.selectLanguage()[pri:7, instance:com.test.LetyShopsTest@1afdd473] output={null}]]]>
              </value>
            </param>
          </params>
          <reporter-output>
          </reporter-output>
        </test-method> <!-- getResult -->
        <test-method signature="checkNotification()[pri:8, instance:com.test.LetyShopsTest@1afdd473]" started-at="2023-09-28T15:38:05 IST" name="checkNotification" finished-at="2023-09-28T15:38:08 IST" duration-ms="3012" status="PASS">
          <reporter-output>
          </reporter-output>
        </test-method> <!-- checkNotification -->
        <test-method is-config="true" signature="getResult(org.testng.ITestResult)[pri:0, instance:com.test.LetyShopsTest@1afdd473]" started-at="2023-09-28T15:38:08 IST" name="getResult" finished-at="2023-09-28T15:38:08 IST" duration-ms="1" status="PASS">
          <params>
            <param index="0">
              <value>
                <![CDATA[[TestResult name=checkNotification status=SUCCESS method=LetyShopsTest.checkNotification()[pri:8, instance:com.test.LetyShopsTest@1afdd473] output={null}]]]>
              </value>
            </param>
          </params>
          <reporter-output>
          </reporter-output>
        </test-method> <!-- getResult -->
        <test-method signature="searchItem()[pri:9, instance:com.test.LetyShopsTest@1afdd473]" started-at="2023-09-28T15:38:08 IST" name="searchItem" finished-at="2023-09-28T15:38:15 IST" duration-ms="6902" status="PASS">
          <reporter-output>
          </reporter-output>
        </test-method> <!-- searchItem -->
        <test-method is-config="true" signature="getResult(org.testng.ITestResult)[pri:0, instance:com.test.LetyShopsTest@1afdd473]" started-at="2023-09-28T15:38:15 IST" name="getResult" finished-at="2023-09-28T15:38:15 IST" duration-ms="6" status="PASS">
          <params>
            <param index="0">
              <value>
                <![CDATA[[TestResult name=searchItem status=SUCCESS method=LetyShopsTest.searchItem()[pri:9, instance:com.test.LetyShopsTest@1afdd473] output={null}]]]>
              </value>
            </param>
          </params>
          <reporter-output>
          </reporter-output>
        </test-method> <!-- getResult -->
        <test-method signature="storePage()[pri:10, instance:com.test.LetyShopsTest@1afdd473]" started-at="2023-09-28T15:38:15 IST" name="storePage" finished-at="2023-09-28T15:38:45 IST" duration-ms="30283" status="PASS">
          <reporter-output>
          </reporter-output>
        </test-method> <!-- storePage -->
        <test-method is-config="true" signature="getResult(org.testng.ITestResult)[pri:0, instance:com.test.LetyShopsTest@1afdd473]" started-at="2023-09-28T15:38:45 IST" name="getResult" finished-at="2023-09-28T15:38:45 IST" duration-ms="1" status="PASS">
          <params>
            <param index="0">
              <value>
                <![CDATA[[TestResult name=storePage status=SUCCESS method=LetyShopsTest.storePage()[pri:10, instance:com.test.LetyShopsTest@1afdd473] output={null}]]]>
              </value>
            </param>
          </params>
          <reporter-output>
          </reporter-output>
        </test-method> <!-- getResult -->
        <test-method signature="testProfile()[pri:11, instance:com.test.LetyShopsTest@1afdd473]" started-at="2023-09-28T15:38:45 IST" name="testProfile" finished-at="2023-09-28T15:39:05 IST" duration-ms="19532" status="PASS">
          <reporter-output>
          </reporter-output>
        </test-method> <!-- testProfile -->
        <test-method is-config="true" signature="getResult(org.testng.ITestResult)[pri:0, instance:com.test.LetyShopsTest@1afdd473]" started-at="2023-09-28T15:39:05 IST" name="getResult" finished-at="2023-09-28T15:39:05 IST" duration-ms="0" status="PASS">
          <params>
            <param index="0">
              <value>
                <![CDATA[[TestResult name=testProfile status=SUCCESS method=LetyShopsTest.testProfile()[pri:11, instance:com.test.LetyShopsTest@1afdd473] output={null}]]]>
              </value>
            </param>
          </params>
          <reporter-output>
          </reporter-output>
        </test-method> <!-- getResult -->
        <test-method is-config="true" signature="endReport()[pri:0, instance:com.test.LetyShopsTest@1afdd473]" started-at="2023-09-28T15:39:05 IST" name="endReport" finished-at="2023-09-28T15:39:05 IST" duration-ms="363" status="PASS">
          <reporter-output>
          </reporter-output>
        </test-method> <!-- endReport -->
        <test-method is-config="true" signature="tearDown()[pri:0, instance:com.test.LetyShopsTest@1afdd473]" started-at="2023-09-28T15:39:05 IST" name="tearDown" finished-at="2023-09-28T15:39:11 IST" duration-ms="6297" status="PASS">
          <reporter-output>
          </reporter-output>
        </test-method> <!-- tearDown -->
      </class> <!-- com.test.LetyShopsTest -->
    </test> <!-- Test1 -->
  </suite> <!-- Suite -->
</testng-results>
